[INFO] Scanning for projects...
[INFO] 
[INFO] --------------< com.example:java-maven-junit-helloworld >---------------
[INFO] Building java-maven-junit-helloworld 2.0-SNAPSHOT
[INFO] --------------------------------[ jar ]---------------------------------
[INFO] 
[INFO] --- maven-clean-plugin:2.5:clean (default-clean) @ java-maven-junit-helloworld ---
[INFO] Deleting /Users/reshmram/Workspace/CodeArtifact/java-maven-junit-helloworld/target
[INFO] 
[INFO] --- jacoco-maven-plugin:0.8.1:prepare-agent (jacoco-prepare-agent) @ java-maven-junit-helloworld ---
[WARNING] The artifact xml-apis:xml-apis:jar:2.0.2 has been relocated to xml-apis:xml-apis:jar:1.0.b2
[INFO] argLine set to -javaagent:/Users/reshmram/.m2/repository/org/jacoco/org.jacoco.agent/0.8.1/org.jacoco.agent-0.8.1-runtime.jar=destfile=/Users/reshmram/Workspace/CodeArtifact/java-maven-junit-helloworld/target/jacoco.exec
[INFO] 
[INFO] --- maven-resources-plugin:2.6:resources (default-resources) @ java-maven-junit-helloworld ---
[INFO] Using 'UTF-8' encoding to copy filtered resources.
[INFO] skip non existing resourceDirectory /Users/reshmram/Workspace/CodeArtifact/java-maven-junit-helloworld/src/main/resources
[INFO] 
[INFO] --- maven-compiler-plugin:3.8.0:compile (default-compile) @ java-maven-junit-helloworld ---
[INFO] Changes detected - recompiling the module!
[INFO] Compiling 2 source files to /Users/reshmram/Workspace/CodeArtifact/java-maven-junit-helloworld/target/classes
[INFO] 
[INFO] --- maven-resources-plugin:2.6:testResources (default-testResources) @ java-maven-junit-helloworld ---
[INFO] Using 'UTF-8' encoding to copy filtered resources.
[INFO] skip non existing resourceDirectory /Users/reshmram/Workspace/CodeArtifact/java-maven-junit-helloworld/src/test/resources
[INFO] 
[INFO] --- maven-compiler-plugin:3.8.0:testCompile (default-testCompile) @ java-maven-junit-helloworld ---
[INFO] Changes detected - recompiling the module!
[INFO] Compiling 4 source files to /Users/reshmram/Workspace/CodeArtifact/java-maven-junit-helloworld/target/test-classes
[WARNING] /Users/reshmram/Workspace/CodeArtifact/java-maven-junit-helloworld/src/test/java/com/example/javamavenjunithelloworld/TestingSecurityManager.java:[10,45] java.lang.SecurityManager in java.lang has been deprecated and marked for removal
[WARNING] /Users/reshmram/Workspace/CodeArtifact/java-maven-junit-helloworld/src/test/java/com/example/javamavenjunithelloworld/HelloAppTest.java:[22,12] java.lang.SecurityManager in java.lang has been deprecated and marked for removal
[WARNING] /Users/reshmram/Workspace/CodeArtifact/java-maven-junit-helloworld/src/test/java/com/example/javamavenjunithelloworld/HelloAppTest.java:[27,41] getSecurityManager() in java.lang.System has been deprecated and marked for removal
[WARNING] /Users/reshmram/Workspace/CodeArtifact/java-maven-junit-helloworld/src/test/java/com/example/javamavenjunithelloworld/HelloAppTest.java:[28,15] setSecurityManager(java.lang.SecurityManager) in java.lang.System has been deprecated and marked for removal
[WARNING] /Users/reshmram/Workspace/CodeArtifact/java-maven-junit-helloworld/src/test/java/com/example/javamavenjunithelloworld/HelloAppTest.java:[34,15] setSecurityManager(java.lang.SecurityManager) in java.lang.System has been deprecated and marked for removal
[INFO] 
[INFO] --- maven-surefire-plugin:2.20:test (default-test) @ java-maven-junit-helloworld ---
[INFO] 
[INFO] -------------------------------------------------------
[INFO]  T E S T S
[INFO] -------------------------------------------------------
[WARNING] Corrupted stdin stream in forked JVM 1. See the dump file /Users/reshmram/Workspace/CodeArtifact/java-maven-junit-helloworld/target/surefire-reports/2022-03-11T10-55-43_933-jvmRun1.dumpstream
[INFO] 
[INFO] Results:
[INFO] 
[INFO] Tests run: 0, Failures: 0, Errors: 0, Skipped: 0
[INFO] 
[ERROR] There are test failures.

Please refer to /Users/reshmram/Workspace/CodeArtifact/java-maven-junit-helloworld/target/surefire-reports for the individual test results.
Please refer to dump files (if any exist) [date]-jvmRun[N].dump, [date].dumpstream and [date]-jvmRun[N].dumpstream.
The forked VM terminated without properly saying goodbye. VM crash or System.exit called?
Command was /bin/sh -c cd /Users/reshmram/Workspace/CodeArtifact/java-maven-junit-helloworld && /opt/homebrew/Cellar/openjdk/17.0.2/libexec/openjdk.jdk/Contents/Home/bin/java -javaagent:/Users/reshmram/.m2/repository/org/jacoco/org.jacoco.agent/0.8.1/org.jacoco.agent-0.8.1-runtime.jar=destfile=/Users/reshmram/Workspace/CodeArtifact/java-maven-junit-helloworld/target/jacoco.exec -jar /Users/reshmram/Workspace/CodeArtifact/java-maven-junit-helloworld/target/surefire/surefirebooter5292398550684312906.jar /Users/reshmram/Workspace/CodeArtifact/java-maven-junit-helloworld/target/surefire 2022-03-11T10-55-43_933-jvmRun1 surefire1282539004259565297tmp surefire_013708771210147456440tmp
Error occurred in starting fork, check output in log
Process Exit Code: 134
org.apache.maven.surefire.booter.SurefireBooterForkException: The forked VM terminated without properly saying goodbye. VM crash or System.exit called?
Command was /bin/sh -c cd /Users/reshmram/Workspace/CodeArtifact/java-maven-junit-helloworld && /opt/homebrew/Cellar/openjdk/17.0.2/libexec/openjdk.jdk/Contents/Home/bin/java -javaagent:/Users/reshmram/.m2/repository/org/jacoco/org.jacoco.agent/0.8.1/org.jacoco.agent-0.8.1-runtime.jar=destfile=/Users/reshmram/Workspace/CodeArtifact/java-maven-junit-helloworld/target/jacoco.exec -jar /Users/reshmram/Workspace/CodeArtifact/java-maven-junit-helloworld/target/surefire/surefirebooter5292398550684312906.jar /Users/reshmram/Workspace/CodeArtifact/java-maven-junit-helloworld/target/surefire 2022-03-11T10-55-43_933-jvmRun1 surefire1282539004259565297tmp surefire_013708771210147456440tmp
Error occurred in starting fork, check output in log
Process Exit Code: 134
	at org.apache.maven.plugin.surefire.booterclient.ForkStarter.fork(ForkStarter.java:679)
	at org.apache.maven.plugin.surefire.booterclient.ForkStarter.fork(ForkStarter.java:533)
	at org.apache.maven.plugin.surefire.booterclient.ForkStarter.run(ForkStarter.java:279)
	at org.apache.maven.plugin.surefire.booterclient.ForkStarter.run(ForkStarter.java:243)
	at org.apache.maven.plugin.surefire.AbstractSurefireMojo.executeProvider(AbstractSurefireMojo.java:1077)
	at org.apache.maven.plugin.surefire.AbstractSurefireMojo.executeAfterPreconditionsChecked(AbstractSurefireMojo.java:907)
	at org.apache.maven.plugin.surefire.AbstractSurefireMojo.execute(AbstractSurefireMojo.java:785)
	at org.apache.maven.plugin.DefaultBuildPluginManager.executeMojo(DefaultBuildPluginManager.java:137)
	at org.apache.maven.lifecycle.internal.MojoExecutor.execute(MojoExecutor.java:210)
	at org.apache.maven.lifecycle.internal.MojoExecutor.execute(MojoExecutor.java:156)
	at org.apache.maven.lifecycle.internal.MojoExecutor.execute(MojoExecutor.java:148)
	at org.apache.maven.lifecycle.internal.LifecycleModuleBuilder.buildProject(LifecycleModuleBuilder.java:117)
	at org.apache.maven.lifecycle.internal.LifecycleModuleBuilder.buildProject(LifecycleModuleBuilder.java:81)
	at org.apache.maven.lifecycle.internal.builder.singlethreaded.SingleThreadedBuilder.build(SingleThreadedBuilder.java:56)
	at org.apache.maven.lifecycle.internal.LifecycleStarter.execute(LifecycleStarter.java:128)
	at org.apache.maven.DefaultMaven.doExecute(DefaultMaven.java:305)
	at org.apache.maven.DefaultMaven.doExecute(DefaultMaven.java:192)
	at org.apache.maven.DefaultMaven.execute(DefaultMaven.java:105)
	at org.apache.maven.cli.MavenCli.execute(MavenCli.java:972)
	at org.apache.maven.cli.MavenCli.doMain(MavenCli.java:293)
	at org.apache.maven.cli.MavenCli.main(MavenCli.java:196)
	at java.base/jdk.internal.reflect.NativeMethodAccessorImpl.invoke0(Native Method)
	at java.base/jdk.internal.reflect.NativeMethodAccessorImpl.invoke(NativeMethodAccessorImpl.java:77)
	at java.base/jdk.internal.reflect.DelegatingMethodAccessorImpl.invoke(DelegatingMethodAccessorImpl.java:43)
	at java.base/java.lang.reflect.Method.invoke(Method.java:568)
	at org.codehaus.plexus.classworlds.launcher.Launcher.launchEnhanced(Launcher.java:282)
	at org.codehaus.plexus.classworlds.launcher.Launcher.launch(Launcher.java:225)
	at org.codehaus.plexus.classworlds.launcher.Launcher.mainWithExitCode(Launcher.java:406)
	at org.codehaus.plexus.classworlds.launcher.Launcher.main(Launcher.java:347)

[INFO] 
[INFO] --- maven-jar-plugin:2.4:jar (default-jar) @ java-maven-junit-helloworld ---
[INFO] Building jar: /Users/reshmram/Workspace/CodeArtifact/java-maven-junit-helloworld/target/java-maven-junit-helloworld-2.0-SNAPSHOT.jar
[INFO] 
[INFO] --- jacoco-maven-plugin:0.8.1:prepare-agent-integration (jacoco-prepare-agent-integration) @ java-maven-junit-helloworld ---
[INFO] argLine set to -javaagent:/Users/reshmram/.m2/repository/org/jacoco/org.jacoco.agent/0.8.1/org.jacoco.agent-0.8.1-runtime.jar=destfile=/Users/reshmram/Workspace/CodeArtifact/java-maven-junit-helloworld/target/jacoco-it.exec
[INFO] 
[INFO] --- maven-failsafe-plugin:2.22.0:integration-test (default) @ java-maven-junit-helloworld ---
[INFO] 
[INFO] -------------------------------------------------------
[INFO]  T E S T S
[INFO] -------------------------------------------------------
[INFO] 
[WARNING] Corrupted STDOUT by directly writing to native stream in forked JVM 1. See FAQ web page and the dump file /Users/reshmram/Workspace/CodeArtifact/java-maven-junit-helloworld/target/failsafe-reports/2022-03-11T10-55-44_188-jvmRun1.dumpstream
[INFO] Results:
[INFO] 
[INFO] Tests run: 0, Failures: 0, Errors: 0, Skipped: 0
[INFO] 
[INFO] 
[INFO] --- maven-failsafe-plugin:2.22.0:verify (default) @ java-maven-junit-helloworld ---
[INFO] ------------------------------------------------------------------------
[INFO] BUILD FAILURE
[INFO] ------------------------------------------------------------------------
[INFO] Total time:  1.194 s
[INFO] Finished at: 2022-03-11T10:55:44-05:00
[INFO] ------------------------------------------------------------------------
[ERROR] Failed to execute goal org.apache.maven.plugins:maven-failsafe-plugin:2.22.0:verify (default) on project java-maven-junit-helloworld: There are test failures.
[ERROR] 
[ERROR] Please refer to /Users/reshmram/Workspace/CodeArtifact/java-maven-junit-helloworld/target/failsafe-reports for the individual test results.
[ERROR] Please refer to dump files (if any exist) [date]-jvmRun[N].dump, [date].dumpstream and [date]-jvmRun[N].dumpstream.
[ERROR] org.apache.maven.surefire.booter.SurefireBooterForkException: The forked VM terminated without properly saying goodbye. VM crash or System.exit called?
[ERROR] Command was /bin/sh -c cd /Users/reshmram/Workspace/CodeArtifact/java-maven-junit-helloworld && /opt/homebrew/Cellar/openjdk/17.0.2/libexec/openjdk.jdk/Contents/Home/bin/java -javaagent:/Users/reshmram/.m2/repository/org/jacoco/org.jacoco.agent/0.8.1/org.jacoco.agent-0.8.1-runtime.jar=destfile=/Users/reshmram/Workspace/CodeArtifact/java-maven-junit-helloworld/target/jacoco-it.exec -jar /Users/reshmram/Workspace/CodeArtifact/java-maven-junit-helloworld/target/surefire/surefirebooter18384135649847870725.jar /Users/reshmram/Workspace/CodeArtifact/java-maven-junit-helloworld/target/surefire 2022-03-11T10-55-44_188-jvmRun1 surefire1237570600509553421tmp surefire_04310108271250420114tmp
[ERROR] Error occurred in starting fork, check output in log
[ERROR] Process Exit Code: 134
[ERROR] 	at org.apache.maven.plugin.surefire.booterclient.ForkStarter.fork(ForkStarter.java:671)
[ERROR] 	at org.apache.maven.plugin.surefire.booterclient.ForkStarter.fork(ForkStarter.java:533)
[ERROR] 	at org.apache.maven.plugin.surefire.booterclient.ForkStarter.run(ForkStarter.java:278)
[ERROR] 	at org.apache.maven.plugin.surefire.booterclient.ForkStarter.run(ForkStarter.java:244)
[ERROR] 	at org.apache.maven.plugin.surefire.AbstractSurefireMojo.executeProvider(AbstractSurefireMojo.java:1194)
[ERROR] 	at org.apache.maven.plugin.surefire.AbstractSurefireMojo.executeAfterPreconditionsChecked(AbstractSurefireMojo.java:1022)
[ERROR] 	at org.apache.maven.plugin.surefire.AbstractSurefireMojo.execute(AbstractSurefireMojo.java:868)
[ERROR] 	at org.apache.maven.plugin.DefaultBuildPluginManager.executeMojo(DefaultBuildPluginManager.java:137)
[ERROR] 	at org.apache.maven.lifecycle.internal.MojoExecutor.execute(MojoExecutor.java:210)
[ERROR] 	at org.apache.maven.lifecycle.internal.MojoExecutor.execute(MojoExecutor.java:156)
[ERROR] 	at org.apache.maven.lifecycle.internal.MojoExecutor.execute(MojoExecutor.java:148)
[ERROR] 	at org.apache.maven.lifecycle.internal.LifecycleModuleBuilder.buildProject(LifecycleModuleBuilder.java:117)
[ERROR] 	at org.apache.maven.lifecycle.internal.LifecycleModuleBuilder.buildProject(LifecycleModuleBuilder.java:81)
[ERROR] 	at org.apache.maven.lifecycle.internal.builder.singlethreaded.SingleThreadedBuilder.build(SingleThreadedBuilder.java:56)
[ERROR] 	at org.apache.maven.lifecycle.internal.LifecycleStarter.execute(LifecycleStarter.java:128)
[ERROR] 	at org.apache.maven.DefaultMaven.doExecute(DefaultMaven.java:305)
[ERROR] 	at org.apache.maven.DefaultMaven.doExecute(DefaultMaven.java:192)
[ERROR] 	at org.apache.maven.DefaultMaven.execute(DefaultMaven.java:105)
[ERROR] 	at org.apache.maven.cli.MavenCli.execute(MavenCli.java:972)
[ERROR] 	at org.apache.maven.cli.MavenCli.doMain(MavenCli.java:293)
[ERROR] 	at org.apache.maven.cli.MavenCli.main(MavenCli.java:196)
[ERROR] 	at java.base/jdk.internal.reflect.NativeMethodAccessorImpl.invoke0(Native Method)
[ERROR] 	at java.base/jdk.internal.reflect.NativeMethodAccessorImpl.invoke(NativeMethodAccessorImpl.java:77)
[ERROR] 	at java.base/jdk.internal.reflect.DelegatingMethodAccessorImpl.invoke(DelegatingMethodAccessorImpl.java:43)
[ERROR] 	at java.base/java.lang.reflect.Method.invoke(Method.java:568)
[ERROR] 	at org.codehaus.plexus.classworlds.launcher.Launcher.launchEnhanced(Launcher.java:282)
[ERROR] 	at org.codehaus.plexus.classworlds.launcher.Launcher.launch(Launcher.java:225)
[ERROR] 	at org.codehaus.plexus.classworlds.launcher.Launcher.mainWithExitCode(Launcher.java:406)
[ERROR] 	at org.codehaus.plexus.classworlds.launcher.Launcher.main(Launcher.java:347)
[ERROR] 
[ERROR] -> [Help 1]
[ERROR] 
[ERROR] To see the full stack trace of the errors, re-run Maven with the -e switch.
[ERROR] Re-run Maven using the -X switch to enable full debug logging.
[ERROR] 
[ERROR] For more information about the errors and possible solutions, please read the following articles:
[ERROR] [Help 1] http://cwiki.apache.org/confluence/display/MAVEN/MojoExecutionException
